

```
/Library/Java/JavaVirtualMachines/jdk1.8.0_333.jdk/Contents/Home/bin/java com.spring.boot.log.example.LogApplication
# Spring应用事件侦听器 创建
10:05:55.366 [main] INFO com.spring.boot.log.event.LogSpringApplicationEventListener - create LogSpringApplicationEventListener
# Spring应用运行侦听器 创建
10:05:55.417 [main] INFO com.spring.boot.log.LogSpringApplicationRunListener - create LogSpringApplicationRunListener
# 在准备好环境后调用
2023-09-18 10:05:55.832  INFO 48192 --- [           main] .b.l.e.LogSpringApplicationEventListener : receive event org.springframework.boot.context.event.ApplicationEnvironmentPreparedEvent[source=org.springframework.boot.SpringApplication@10163d6]
2023-09-18 10:05:55.834  INFO 48192 --- [           main] c.s.b.l.LogSpringApplicationRunListener  : Called once the environment has been prepared, but before the ApplicationContext has been created. bootstrapContext=org.springframework.boot.DefaultBootstrapContext@247d8ae, environment=ApplicationServletEnvironment {activeProfiles=[], defaultProfiles=[default], propertySources=[ConfigurationPropertySourcesPropertySource {name='configurationProperties'}, StubPropertySource {name='servletConfigInitParams'}, StubPropertySource {name='servletContextInitParams'}, PropertiesPropertySource {name='systemProperties'}, OriginAwareSystemEnvironmentPropertySource {name='systemEnvironment'}, RandomValuePropertySource {name='random'}, OriginTrackedMapPropertySource {name='Config resource 'class path resource [application.yml]' via location 'optional:classpath:/''}]}

  .   ____          _            __ _ _
 /\\ / ___'_ __ _ _(_)_ __  __ _ \ \ \ \
( ( )\___ | '_ | '_| | '_ \/ _` | \ \ \ \
 \\/  ___)| |_)| | | | | || (_| |  ) ) ) )
  '  |____| .__|_| |_|_| |_\__, | / / / /
 =========|_|==============|___/=/_/_/_/
 :: Spring Boot ::               (v2.7.16)

# 创建并准备好ApplicationContext后调用
2023-09-18 10:05:55.899  INFO 48192 --- [           main] .b.l.e.LogSpringApplicationEventListener : receive event org.springframework.boot.context.event.ApplicationContextInitializedEvent[source=org.springframework.boot.SpringApplication@10163d6]
2023-09-18 10:05:55.899  INFO 48192 --- [           main] c.s.b.l.LogSpringApplicationRunListener  : Called once the ApplicationContext has been created and prepared, but before sources have been loaded. context=org.springframework.boot.web.servlet.context.AnnotationConfigServletWebServerApplicationContext@4a7f959b, started on Thu Jan 01 08:00:00 CST 1970
# 启动应用程序
2023-09-18 10:05:55.906  INFO 48192 --- [           main] c.s.boot.log.example.LogApplication      : Starting LogApplication using Java 1.8.0_333 on lihuagangdebijibendiannao.local with PID 48192 (/Users/lihuagang/Documents/workspace/spring-boot-extend/spring-boot-starters-example/log-spring-boot-starter-example/target/classes started by lihuagang in /Users/lihuagang/Documents/workspace/spring-boot-extend)
# 活动配置文件集
2023-09-18 10:05:55.908  INFO 48192 --- [           main] c.s.boot.log.example.LogApplication      : No active profile set, falling back to 1 default profile: "default"
# 在加载应用上下文之后但在刷新之前调用
2023-09-18 10:05:55.973  INFO 48192 --- [           main] .b.l.e.LogSpringApplicationEventListener : receive event org.springframework.boot.context.event.ApplicationPreparedEvent[source=org.springframework.boot.SpringApplication@10163d6]
2023-09-18 10:05:55.973  INFO 48192 --- [           main] c.s.b.l.LogSpringApplicationRunListener  : Called once the application context has been loaded but before it has been refreshed. context=org.springframework.boot.web.servlet.context.AnnotationConfigServletWebServerApplicationContext@4a7f959b, started on Thu Jan 01 08:00:00 CST 1970
# Tomcat初始化
2023-09-18 10:05:57.338  INFO 48192 --- [           main] o.s.b.w.embedded.tomcat.TomcatWebServer  : Tomcat initialized with port(s): 8080 (http)
2023-09-18 10:05:57.345  INFO 48192 --- [           main] o.apache.catalina.core.StandardService   : Starting service [Tomcat]
2023-09-18 10:05:57.345  INFO 48192 --- [           main] org.apache.catalina.core.StandardEngine  : Starting Servlet engine: [Apache Tomcat/9.0.78]
2023-09-18 10:05:57.467  INFO 48192 --- [           main] o.a.c.c.C.[Tomcat].[localhost].[/]       : Initializing Spring embedded WebApplicationContext
2023-09-18 10:05:57.468  INFO 48192 --- [           main] w.s.c.ServletWebServerApplicationContext : Root WebApplicationContext: initialization completed in 1493 ms
# 自动配置
2023-09-18 10:05:57.942  INFO 48192 --- [           main] c.s.b.l.a.LogAutoConfiguration           : create LogAutoConfiguration
2023-09-18 10:05:57.943  INFO 48192 --- [           main] c.spring.boot.log.LogApplicationRunner   : create LogApplicationRunner
2023-09-18 10:05:57.944  INFO 48192 --- [           main] c.spring.boot.log.LogCommandLineRunner   : create LogCommandLineRunner
2023-09-18 10:05:57.945  INFO 48192 --- [           main] c.s.b.l.e.ReadinessStateEventListener    : create ReadinessStateEventListener
2023-09-18 10:05:57.955  INFO 48192 --- [           main] c.s.b.l.e.LivenessStateEventListener     : create LivenessStateEventListener
2023-09-18 10:05:57.957  INFO 48192 --- [           main] com.spring.boot.log.LocalCacheVerifier   : create LocalCacheVerifier
2023-09-18 10:05:57.959  INFO 48192 --- [           main] com.spring.boot.log.LocalCacheVerifier   : check LocalCache
# Tomcat启动完成
2023-09-18 10:05:58.239  INFO 48192 --- [           main] o.s.b.w.embedded.tomcat.TomcatWebServer  : Tomcat started on port(s): 8080 (http) with context path ''
# Tomcat-1初始化
2023-09-18 10:05:58.336  INFO 48192 --- [           main] o.s.b.w.embedded.tomcat.TomcatWebServer  : Tomcat initialized with port(s): 38081 (http)
2023-09-18 10:05:58.337  INFO 48192 --- [           main] o.apache.catalina.core.StandardService   : Starting service [Tomcat]
2023-09-18 10:05:58.338  INFO 48192 --- [           main] org.apache.catalina.core.StandardEngine  : Starting Servlet engine: [Apache Tomcat/9.0.78]
2023-09-18 10:05:58.348  INFO 48192 --- [           main] o.a.c.c.C.[Tomcat-1].[localhost].[/]     : Initializing Spring embedded WebApplicationContext
2023-09-18 10:05:58.349  INFO 48192 --- [           main] w.s.c.ServletWebServerApplicationContext : Root WebApplicationContext: initialization completed in 105 ms
# 暴露端点
2023-09-18 10:05:58.363  INFO 48192 --- [           main] o.s.b.a.e.web.EndpointLinksResolver      : Exposing 13 endpoint(s) beneath base path '/actuator'
# Tomcat-1启动完成
2023-09-18 10:05:58.402  INFO 48192 --- [           main] o.s.b.w.embedded.tomcat.TomcatWebServer  : Tomcat started on port(s): 38081 (http) with context path ''
# 应用启动完成
2023-09-18 10:05:58.418  INFO 48192 --- [           main] c.s.boot.log.example.LogApplication      : Started LogApplication in 3.01 seconds (JVM running for 3.712)
# 刷新应用上下文后，但在调用任何应用程序和命令行运行程序之前发布的事件
2023-09-18 10:05:58.435  INFO 48192 --- [           main] .b.l.e.LogSpringApplicationEventListener : receive event org.springframework.boot.context.event.ApplicationStartedEvent[source=org.springframework.boot.SpringApplication@10163d6]
2023-09-18 10:05:58.443  INFO 48192 --- [           main] c.s.b.l.e.LivenessStateEventListener     : receive event CORRECT
2023-09-18 10:05:58.443  INFO 48192 --- [           main] c.s.b.l.LogSpringApplicationRunListener  : The context has been refreshed and the application has started but CommandLineRunners and ApplicationRunners have not been called. context=org.springframework.boot.web.servlet.context.AnnotationConfigServletWebServerApplicationContext@4a7f959b, started on Mon Sep 18 10:05:55 CST 2023, timeTaken=PT3.010501833S
# 运行应用运行程序
2023-09-18 10:05:58.444  INFO 48192 --- [           main] c.spring.boot.log.LogApplicationRunner   : run ApplicationArguments, args=org.springframework.boot.DefaultApplicationArguments@f951a7f
# 运行命令行运行程序
2023-09-18 10:05:58.444  INFO 48192 --- [           main] c.spring.boot.log.LogCommandLineRunner   : run String..., args=[]
# 在刷新应用上下文并且调用了所有CommandLineRunner和ApplicationRunner之后，在运行方法完成之前立即调用
2023-09-18 10:05:58.444  INFO 48192 --- [           main] .b.l.e.LogSpringApplicationEventListener : receive event org.springframework.boot.context.event.ApplicationReadyEvent[source=org.springframework.boot.SpringApplication@10163d6]
2023-09-18 10:05:58.448  INFO 48192 --- [           main] c.s.b.l.e.ReadinessStateEventListener    : receive event ACCEPTING_TRAFFIC
2023-09-18 10:05:58.448  INFO 48192 --- [           main] c.s.b.l.LogSpringApplicationRunListener  : Called immediately before the run method finishes, when the application context has been refreshed and all CommandLineRunners and ApplicationRunners have been called. context=org.springframework.boot.web.servlet.context.AnnotationConfigServletWebServerApplicationContext@4a7f959b, started on Mon Sep 18 10:05:55 CST 2023, timeTaken=PT3.037479792S
# 初始化请求分发程序
2023-09-18 10:05:58.821  INFO 48192 --- [2)-172.16.22.50] o.a.c.c.C.[Tomcat].[localhost].[/]       : Initializing Spring DispatcherServlet 'dispatcherServlet'
2023-09-18 10:05:58.823  INFO 48192 --- [2)-172.16.22.50] o.s.web.servlet.DispatcherServlet        : Initializing Servlet 'dispatcherServlet'
2023-09-18 10:05:58.827  INFO 48192 --- [2)-172.16.22.50] o.s.web.servlet.DispatcherServlet        : Completed initialization in 3 ms

2023-09-18 10:09:27.221  INFO 48192 --- [io-38081-exec-1] o.a.c.c.C.[Tomcat-1].[localhost].[/]     : Initializing Spring DispatcherServlet 'dispatcherServlet'
2023-09-18 10:09:27.223  INFO 48192 --- [io-38081-exec-1] o.s.web.servlet.DispatcherServlet        : Initializing Servlet 'dispatcherServlet'
2023-09-18 10:09:27.227  INFO 48192 --- [io-38081-exec-1] o.s.web.servlet.DispatcherServlet        : Completed initialization in 4 ms

2023-09-18 10:09:52.877  INFO 48192 --- [ionShutdownHook] c.s.b.l.e.ReadinessStateEventListener    : receive event REFUSING_TRAFFIC
2023-09-18 10:09:52.880  INFO 48192 --- [ionShutdownHook] c.s.b.l.e.ReadinessStateEventListener    : receive event REFUSING_TRAFFIC

Process finished with exit code 130 (interrupted by signal 2: SIGINT)

```

